<?xml version="1.0" encoding="UTF-8"?>
<!-- Generated by org.testng.reporters.JUnitXMLReporter -->
<testsuite hostname="LAPTOP-B4PLOJLE" ignored="0" name="Command line test" tests="3" failures="0" timestamp="15 Jul 2020 03:41:02 GMT" time="22.152" errors="0">
  <testcase name="verifySignUpLinkTest" time="4.845" classname="com.qa.hubspot.tests.LoginPageTest"/>
  <testcase name="verifyLoginPageTitleTest" time="0.053" classname="com.qa.hubspot.tests.LoginPageTest"/>
  <testcase name="loginTest" time="1.193" classname="com.qa.hubspot.tests.LoginPageTest"/>
</testsuite> <!-- Command line test -->
