<?xml version="1.0" encoding="UTF-8"?>
<!-- Generated by org.testng.reporters.JUnitXMLReporter -->
<testsuite hostname="LAPTOP-B4PLOJLE" ignored="0" name="Default test" tests="3" failures="0" timestamp="2020-08-04T13:29:09 CDT" time="61.977" errors="0">
  <testcase name="verifySignUpLinkTest" time="6.224" classname="com.qa.hubspot.tests.LoginPageTest"/>
  <testcase name="verifyLoginPageTitleTest" time="0.253" classname="com.qa.hubspot.tests.LoginPageTest"/>
  <testcase name="loginTest" time="2.313" classname="com.qa.hubspot.tests.LoginPageTest"/>
</testsuite> <!-- Default test -->
