<?xml version="1.0" encoding="UTF-8"?>
<!-- Generated by org.testng.reporters.JUnitXMLReporter -->
<testsuite hostname="LAPTOP-B4PLOJLE" ignored="0" name="HubSpot Feature Testing - login" tests="3" failures="0" timestamp="22 Jul 2020 13:21:47 GMT" time="27.943" errors="0">
  <testcase name="verifySignUpLinkTest" time="4.999" classname="com.qa.hubspot.tests.LoginPageTest"/>
  <testcase name="verifyLoginPageTitleTest" time="0.093" classname="com.qa.hubspot.tests.LoginPageTest"/>
  <testcase name="loginTest" time="1.485" classname="com.qa.hubspot.tests.LoginPageTest"/>
</testsuite> <!-- HubSpot Feature Testing - login -->
