<?xml version="1.0" encoding="UTF-8"?>
<testng-results skipped="0" failed="0" ignored="0" total="3" passed="3">
  <reporter-output>
  </reporter-output>
  <suite name="Hub spot Test automtion regression suite" duration-ms="27943" started-at="2020-07-22T13:21:19Z" finished-at="2020-07-22T13:21:47Z">
    <groups>
    </groups>
    <test name="HubSpot Feature Testing - login" duration-ms="27943" started-at="2020-07-22T13:21:19Z" finished-at="2020-07-22T13:21:47Z">
      <class name="com.qa.hubspot.tests.LoginPageTest">
        <test-method status="PASS" signature="setUp()[pri:0, instance:com.qa.hubspot.tests.LoginPageTest@5489c777]" name="setUp" is-config="true" duration-ms="18658" started-at="2020-07-22T13:21:19Z" finished-at="2020-07-22T13:21:38Z">
          <reporter-output>
          </reporter-output>
        </test-method> <!-- setUp -->
        <test-method status="PASS" signature="verifySignUpLinkTest()[pri:1, instance:com.qa.hubspot.tests.LoginPageTest@5489c777]" name="verifySignUpLinkTest" duration-ms="4999" started-at="2020-07-22T13:21:38Z" finished-at="2020-07-22T13:21:43Z">
          <reporter-output>
          </reporter-output>
        </test-method> <!-- verifySignUpLinkTest -->
        <test-method status="PASS" signature="verifyLoginPageTitleTest()[pri:2, instance:com.qa.hubspot.tests.LoginPageTest@5489c777]" name="verifyLoginPageTitleTest" duration-ms="93" started-at="2020-07-22T13:21:44Z" finished-at="2020-07-22T13:21:44Z">
          <reporter-output>
          </reporter-output>
        </test-method> <!-- verifyLoginPageTitleTest -->
        <test-method status="PASS" signature="loginTest()[pri:3, instance:com.qa.hubspot.tests.LoginPageTest@5489c777]" name="loginTest" duration-ms="1485" started-at="2020-07-22T13:21:44Z" finished-at="2020-07-22T13:21:45Z">
          <reporter-output>
          </reporter-output>
        </test-method> <!-- loginTest -->
        <test-method status="PASS" signature="tearDown()[pri:0, instance:com.qa.hubspot.tests.LoginPageTest@5489c777]" name="tearDown" is-config="true" duration-ms="2169" started-at="2020-07-22T13:21:45Z" finished-at="2020-07-22T13:21:47Z">
          <reporter-output>
          </reporter-output>
        </test-method> <!-- tearDown -->
      </class> <!-- com.qa.hubspot.tests.LoginPageTest -->
    </test> <!-- HubSpot Feature Testing - login -->
  </suite> <!-- Hub spot Test automtion regression suite -->
</testng-results>
