<?xml version="1.0" encoding="UTF-8"?>
<!-- Generated by org.testng.reporters.JUnitXMLReporter -->
<testsuite hostname="LAPTOP-B4PLOJLE" ignored="0" name="HubSpot Feature Testing - login" tests="3" failures="0" timestamp="2020-07-22T08:31:53 CDT" time="17.342" errors="0">
  <testcase name="verifySignUpLinkTest" time="4.607" classname="com.qa.hubspot.tests.LoginPageTest"/>
  <testcase name="verifyLoginPageTitleTest" time="0.1" classname="com.qa.hubspot.tests.LoginPageTest"/>
  <testcase name="loginTest" time="1.441" classname="com.qa.hubspot.tests.LoginPageTest"/>
</testsuite> <!-- HubSpot Feature Testing - login -->
