<?xml version="1.0" encoding="UTF-8"?>
<!-- Generated by org.testng.reporters.JUnitXMLReporter -->
<testsuite hostname="LAPTOP-B4PLOJLE" ignored="0" name="HubSpot Feature Testing - login" tests="3" failures="0" timestamp="2020-07-15T14:17:59 CDT" time="23.938" errors="0">
  <testcase name="verifySignUpLinkTest" time="4.79" classname="com.qa.hubspot.tests.LoginPageTest"/>
  <testcase name="verifyLoginPageTitleTest" time="0.205" classname="com.qa.hubspot.tests.LoginPageTest"/>
  <testcase name="loginTest" time="1.701" classname="com.qa.hubspot.tests.LoginPageTest"/>
</testsuite> <!-- HubSpot Feature Testing - login -->
