<?xml version="1.0" encoding="UTF-8"?>
<!-- Generated by org.testng.reporters.JUnitXMLReporter -->
<testsuite hostname="LAPTOP-B4PLOJLE" ignored="0" name="HubSpot Feature Testing - home " tests="3" failures="3" timestamp="2020-07-15T14:18:55 CDT" time="55.235" errors="0">
  <testcase name="verifyHomePageHeaderTest" time="15.082" classname="com.qa.hubspot.tests.HomePageTest">
    <failure type="java.lang.NullPointerException">
      <![CDATA[java.lang.NullPointerException
at com.qa.hubspot.utils.ElementUtil.doIsDisplayed(ElementUtil.java:57)
at com.qa.hubspot.pages.HomePage.getHomePageHeader(HomePage.java:31)
at com.qa.hubspot.tests.HomePageTest.verifyHomePageHeaderTest(HomePageTest.java:29)
at java.util.ArrayList.forEach(Unknown Source)
... Removed 27 stack frames]]>
    </failure>
  </testcase> <!-- verifyHomePageHeaderTest -->
  <testcase name="verifyHomePageTitleTest" time="10.1" classname="com.qa.hubspot.tests.HomePageTest">
    <failure type="org.openqa.selenium.TimeoutException" message="Expected condition failed: waiting for title to be &amp;quot;Reports dashboard&amp;quot;. Current title: &amp;quot;HubSpot Login&amp;quot; (tried for 10 second(s) with 500 milliseconds interval)
Build info: version: &amp;apos;3.141.59&amp;apos;, revision: &amp;apos;e82be7d358&amp;apos;, time: &amp;apos;2018-11-14T08:17:03&amp;apos;
System info: host: &amp;apos;LAPTOP-B4PLOJLE&amp;apos;, ip: &amp;apos;192.168.1.79&amp;apos;, os.name: &amp;apos;Windows 10&amp;apos;, os.arch: &amp;apos;amd64&amp;apos;, os.version: &amp;apos;10.0&amp;apos;, java.version: &amp;apos;1.8.0_181&amp;apos;
Driver info: org.openqa.selenium.firefox.FirefoxDriver
Capabilities {acceptInsecureCerts: true, browserName: firefox, browserVersion: 78.0.2, javascriptEnabled: true, moz:accessibilityChecks: false, moz:buildID: 20200708170202, moz:geckodriverVersion: 0.26.0, moz:headless: false, moz:processID: 3508, moz:profile: C:\Users\maddu\AppData\Loca..., moz:shutdownTimeout: 60000, moz:useNonSpecCompliantPointerOrigin: false, moz:webdriverClick: true, pageLoadStrategy: normal, platform: WINDOWS, platformName: WINDOWS, platformVersion: 10.0, rotatable: false, setWindowRect: true, strictFileInteractability: false, timeouts: {implicit: 0, pageLoad: 300000, script: 30000}, unhandledPromptBehavior: dismiss and notify}
Session ID: df7304b8-8999-4e99-9f4f-f439b9719b6f">
      <![CDATA[org.openqa.selenium.TimeoutException: Expected condition failed: waiting for title to be "Reports dashboard". Current title: "HubSpot Login" (tried for 10 second(s) with 500 milliseconds interval)
Build info: version: '3.141.59', revision: 'e82be7d358', time: '2018-11-14T08:17:03'
System info: host: 'LAPTOP-B4PLOJLE', ip: '192.168.1.79', os.name: 'Windows 10', os.arch: 'amd64', os.version: '10.0', java.version: '1.8.0_181'
Driver info: org.openqa.selenium.firefox.FirefoxDriver
Capabilities {acceptInsecureCerts: true, browserName: firefox, browserVersion: 78.0.2, javascriptEnabled: true, moz:accessibilityChecks: false, moz:buildID: 20200708170202, moz:geckodriverVersion: 0.26.0, moz:headless: false, moz:processID: 3508, moz:profile: C:\Users\maddu\AppData\Loca..., moz:shutdownTimeout: 60000, moz:useNonSpecCompliantPointerOrigin: false, moz:webdriverClick: true, pageLoadStrategy: normal, platform: WINDOWS, platformName: WINDOWS, platformVersion: 10.0, rotatable: false, setWindowRect: true, strictFileInteractability: false, timeouts: {implicit: 0, pageLoad: 300000, script: 30000}, unhandledPromptBehavior: dismiss and notify}
Session ID: df7304b8-8999-4e99-9f4f-f439b9719b6f
at org.openqa.selenium.support.ui.WebDriverWait.timeoutException(WebDriverWait.java:95)
at org.openqa.selenium.support.ui.FluentWait.until(FluentWait.java:272)
at com.qa.hubspot.utils.ElementUtil.doGetPageTitleWithIsTitle(ElementUtil.java:132)
at com.qa.hubspot.pages.HomePage.getHomePageTitle(HomePage.java:27)
at com.qa.hubspot.tests.HomePageTest.verifyHomePageTitleTest(HomePageTest.java:22)
at java.util.ArrayList.forEach(Unknown Source)
... Removed 27 stack frames]]>
    </failure>
  </testcase> <!-- verifyHomePageTitleTest -->
  <testcase name="verifyLoggedInUserTest" time="15.012" classname="com.qa.hubspot.tests.HomePageTest">
    <failure type="java.lang.NullPointerException">
      <![CDATA[java.lang.NullPointerException
at com.qa.hubspot.utils.ElementUtil.doIsDisplayed(ElementUtil.java:57)
at com.qa.hubspot.pages.HomePage.getLoggedInAccountName(HomePage.java:37)
at com.qa.hubspot.tests.HomePageTest.verifyLoggedInUserTest(HomePageTest.java:36)
at java.util.ArrayList.forEach(Unknown Source)
... Removed 27 stack frames]]>
    </failure>
  </testcase> <!-- verifyLoggedInUserTest -->
</testsuite> <!-- HubSpot Feature Testing - home  -->
